<?xml version="1.0" encoding="UTF-8"?>
<!-- Generated by org.testng.reporters.JUnitXMLReporter -->
<testsuite ignored="0" hostname="DESKTOP-E6I74AF" failures="0" tests="4" name="Default test" time="13.313" errors="0" timestamp="2026-02-18T16:39:28 IST">
  <testcase classname="tests.FlightBookingTest" name="completeFlightBooking" time="1.907"/>
  <testcase classname="tests.FlightBookingTest" name="multipleBookings" time="1.915"/>
  <testcase classname="tests.FlightBookingTest" name="multipleBookings" time="1.907"/>
  <testcase classname="tests.FlightBookingTest" name="verifyHomePageLoads" time="0.006"/>
</testsuite> <!-- Default test -->
