<?xml version="1.0" encoding="UTF-8"?>
<!-- Generated by org.testng.reporters.JUnitReportReporter -->
<testsuite hostname="DESKTOP-E6I74AF" failures="0" tests="4" name="tests.FlightBookingTest" time="13.270" errors="0" timestamp="2026-02-18T16:39:28 IST" skipped="0">
  <testcase classname="tests.FlightBookingTest" name="completeFlightBooking" time="3.593"/>
  <testcase classname="tests.FlightBookingTest" name="multipleBookings" time="3.606"/>
  <testcase classname="tests.FlightBookingTest" name="multipleBookings" time="4.379"/>
  <testcase classname="tests.FlightBookingTest" name="verifyHomePageLoads" time="1.692"/>
</testsuite> <!-- tests.FlightBookingTest -->
